Using pre-set license
Built from '2021.3/staging' branch; Version is '2021.3.23f1 (213b516bf396) revision 2177873'; Using compiler version '192829333'; Build Type 'Release'
OS: 'Windows 11  (10.0.22631) 64bit Core' Language: 'en' Physical Memory: 16320 MB
BatchMode: 1, IsHumanControllingUs: 0, StartBugReporterOnCrash: 0, Is64bit: 1, IsPro: 1

COMMAND LINE ARGUMENTS:
C:\Program Files\Unity\Hub\Editor\2021.3.23f1\Editor\Unity.exe
-adb2
-batchMode
-noUpm
-name
AssetImportWorker2
-projectPath
C:/Users/jacob/Documents/Game Development/Quick Arcade Games/Doom Clone
-logFile
Logs/AssetImportWorker2.log
-srvPort
64941
Successfully changed project path to: C:/Users/jacob/Documents/Game Development/Quick Arcade Games/Doom Clone
C:/Users/jacob/Documents/Game Development/Quick Arcade Games/Doom Clone
[UnityMemory] Configuration Parameters - Can be set up in boot.config
    "memorysetup-bucket-allocator-granularity=16"
    "memorysetup-bucket-allocator-bucket-count=8"
    "memorysetup-bucket-allocator-block-size=33554432"
    "memorysetup-bucket-allocator-block-count=8"
    "memorysetup-main-allocator-block-size=16777216"
    "memorysetup-thread-allocator-block-size=16777216"
    "memorysetup-gfx-main-allocator-block-size=16777216"
    "memorysetup-gfx-thread-allocator-block-size=16777216"
    "memorysetup-cache-allocator-block-size=4194304"
    "memorysetup-typetree-allocator-block-size=2097152"
    "memorysetup-profiler-bucket-allocator-granularity=16"
    "memorysetup-profiler-bucket-allocator-bucket-count=8"
    "memorysetup-profiler-bucket-allocator-block-size=33554432"
    "memorysetup-profiler-bucket-allocator-block-count=8"
    "memorysetup-profiler-allocator-block-size=16777216"
    "memorysetup-profiler-editor-allocator-block-size=1048576"
    "memorysetup-temp-allocator-size-main=16777216"
    "memorysetup-job-temp-allocator-block-size=2097152"
    "memorysetup-job-temp-allocator-block-size-background=1048576"
    "memorysetup-job-temp-allocator-reduction-small-platforms=262144"
    "memorysetup-temp-allocator-size-background-worker=32768"
    "memorysetup-temp-allocator-size-job-worker=262144"
    "memorysetup-temp-allocator-size-preload-manager=33554432"
    "memorysetup-temp-allocator-size-nav-mesh-worker=65536"
    "memorysetup-temp-allocator-size-audio-worker=65536"
    "memorysetup-temp-allocator-size-cloud-worker=32768"
    "memorysetup-temp-allocator-size-gi-baking-worker=262144"
    "memorysetup-temp-allocator-size-gfx=262144"
Player connection [116912] Host "[IP] 169.254.119.145 [Port] 0 [Flags] 2 [Guid] 1202355944 [EditorId] 1202355944 [Version] 1048832 [Id] WindowsEditor(7,Crackers_PC) [Debug] 1 [PackageName] WindowsEditor [ProjectName] Editor" joined multi-casting on [225.0.0.222:54997]...

Player connection [116912] Host "[IP] 169.254.119.145 [Port] 0 [Flags] 2 [Guid] 1202355944 [EditorId] 1202355944 [Version] 1048832 [Id] WindowsEditor(7,Crackers_PC) [Debug] 1 [PackageName] WindowsEditor [ProjectName] Editor" joined alternative multi-casting on [225.0.0.222:34997]...

Refreshing native plugins compatible for Editor in 153.77 ms, found 3 plugins.
Preloading 0 native plugins for Editor in 0.00 ms.
Initialize engine version: 2021.3.23f1 (213b516bf396)
[Subsystems] Discovering subsystems at path C:/Program Files/Unity/Hub/Editor/2021.3.23f1/Editor/Data/Resources/UnitySubsystems
[Subsystems] Discovering subsystems at path C:/Users/jacob/Documents/Game Development/Quick Arcade Games/Doom Clone/Assets
GfxDevice: creating device client; threaded=0; jobified=0
Direct3D:
    Version:  Direct3D 11.0 [level 11.1]
    Renderer: NVIDIA GeForce RTX 2060 (ID=0x1f08)
    Vendor:   NVIDIA
    VRAM:     5969 MB
    Driver:   31.0.15.4633
Initialize mono
Mono path[0] = 'C:/Program Files/Unity/Hub/Editor/2021.3.23f1/Editor/Data/Managed'
Mono path[1] = 'C:/Program Files/Unity/Hub/Editor/2021.3.23f1/Editor/Data/MonoBleedingEdge/lib/mono/unityjit-win32'
Mono config path = 'C:/Program Files/Unity/Hub/Editor/2021.3.23f1/Editor/Data/MonoBleedingEdge/etc'
Using monoOptions --debugger-agent=transport=dt_socket,embedding=1,server=y,suspend=n,address=127.0.0.1:56100
Begin MonoManager ReloadAssembly
Registering precompiled unity dll's ...
Register platform support module: C:/Program Files/Unity/Hub/Editor/2021.3.23f1/Editor/Data/PlaybackEngines/WebGLSupport/UnityEditor.WebGL.Extensions.dll
Register platform support module: C:/Program Files/Unity/Hub/Editor/2021.3.23f1/Editor/Data/PlaybackEngines/WindowsStandaloneSupport/UnityEditor.WindowsStandalone.Extensions.dll
Registered in 0.007630 seconds.
Native extension for WindowsStandalone target not found
Native extension for WebGL target not found
Refreshing native plugins compatible for Editor in 123.03 ms, found 3 plugins.
Preloading 0 native plugins for Editor in 0.00 ms.
Mono: successfully reloaded assembly
- Completed reload, in  0.734 seconds
Domain Reload Profiling:
	ReloadAssembly (734ms)
		BeginReloadAssembly (99ms)
			ExecutionOrderSort (0ms)
			DisableScriptedObjects (0ms)
			BackupInstance (0ms)
			ReleaseScriptingObjects (0ms)
			CreateAndSetChildDomain (1ms)
		EndReloadAssembly (531ms)
			LoadAssemblies (96ms)
			RebuildTransferFunctionScriptingTraits (0ms)
			SetupTypeCache (117ms)
			ReleaseScriptCaches (0ms)
			RebuildScriptCaches (33ms)
			SetupLoadedEditorAssemblies (326ms)
				LogAssemblyErrors (0ms)
				InitializePlatformSupportModulesInManaged (8ms)
				SetLoadedEditorAssemblies (0ms)
				RefreshPlugins (123ms)
				BeforeProcessingInitializeOnLoad (1ms)
				ProcessInitializeOnLoadAttributes (150ms)
				ProcessInitializeOnLoadMethodAttributes (43ms)
				AfterProcessingInitializeOnLoad (0ms)
				EditorAssembliesLoaded (0ms)
			ExecutionOrderSort2 (0ms)
			AwakeInstancesAfterBackupRestoration (0ms)
Platform modules already initialized, skipping
Registering precompiled user dll's ...
Registered in 0.006372 seconds.
Begin MonoManager ReloadAssembly
Symbol file LoadedFromMemory doesn't match image C:\Users\jacob\Documents\Game Development\Quick Arcade Games\Doom Clone\Library\PackageCache\com.unity.visualscripting@1.8.0\Editor\VisualScripting.Core\Dependencies\YamlDotNet\Unity.VisualScripting.YamlDotNet.dll
Symbol file LoadedFromMemory doesn't match image C:\Users\jacob\Documents\Game Development\Quick Arcade Games\Doom Clone\Library\PackageCache\com.unity.visualscripting@1.8.0\Editor\VisualScripting.Core\Dependencies\DotNetZip\Unity.VisualScripting.IonicZip.dll
Native extension for WindowsStandalone target not found
Native extension for WebGL target not found
Refreshing native plugins compatible for Editor in 113.18 ms, found 3 plugins.
Preloading 0 native plugins for Editor in 0.00 ms.
Mono: successfully reloaded assembly
- Completed reload, in  1.618 seconds
Domain Reload Profiling:
	ReloadAssembly (1619ms)
		BeginReloadAssembly (131ms)
			ExecutionOrderSort (0ms)
			DisableScriptedObjects (5ms)
			BackupInstance (0ms)
			ReleaseScriptingObjects (0ms)
			CreateAndSetChildDomain (18ms)
		EndReloadAssembly (1359ms)
			LoadAssemblies (116ms)
			RebuildTransferFunctionScriptingTraits (0ms)
			SetupTypeCache (337ms)
			ReleaseScriptCaches (1ms)
			RebuildScriptCaches (66ms)
			SetupLoadedEditorAssemblies (812ms)
				LogAssemblyErrors (0ms)
				InitializePlatformSupportModulesInManaged (7ms)
				SetLoadedEditorAssemblies (0ms)
				RefreshPlugins (113ms)
				BeforeProcessingInitializeOnLoad (124ms)
				ProcessInitializeOnLoadAttributes (495ms)
				ProcessInitializeOnLoadMethodAttributes (63ms)
				AfterProcessingInitializeOnLoad (9ms)
				EditorAssembliesLoaded (0ms)
			ExecutionOrderSort2 (0ms)
			AwakeInstancesAfterBackupRestoration (6ms)
Platform modules already initialized, skipping
========================================================================
Worker process is ready to serve import requests
Launched and connected shader compiler UnityShaderCompiler.exe after 0.04 seconds
Refreshing native plugins compatible for Editor in 1.02 ms, found 3 plugins.
Preloading 0 native plugins for Editor in 0.00 ms.
Unloading 5081 Unused Serialized files (Serialized files now loaded: 0)
Unloading 40 unused Assets / (1.6 MB). Loaded Objects now: 5572.
Memory consumption went from 288.0 MB to 286.4 MB.
Total: 4.075500 ms (FindLiveObjects: 0.462400 ms CreateObjectMapping: 0.326200 ms MarkObjects: 2.953200 ms  DeleteObjects: 0.332700 ms)

AssetImportParameters requested are different than current active one (requested -> active):
  custom:video-decoder-ogg-theora: a1e56fd34408186e4bbccfd4996cb3dc -> 
  custom:container-muxer-webm: aa71ff27fc2769a1b78a27578f13a17b -> 
  custom:container-demuxer-webm: 4f35f7cbe854078d1ac9338744f61a02 -> 
  custom:video-encoder-webm-vp8: eb34c28f22e8b96e1ab97ce403110664 -> 
  custom:video-codec-MediaFoundation-h265: 746d11721c4dcdbdad8f713fa42b33f4 -> 
  custom:audio-encoder-webm-vorbis: bf7c407c2cedff20999df2af8eb42d56 -> 
  custom:framework-win-MediaFoundation: 216162199b28c13a410421893ffa2e32 -> 
  custom:container-demuxer-ogg: 62fdf1f143b41e24485cea50d1cbac27 -> 
  custom:video-decoder-webm-vp8: 9c59270c3fd7afecdb556c50c9e8de78 -> 
  custom:audio-decoder-ogg-vorbis: bf7c407c2cedff20999df2af8eb42d56 -> 
========================================================================
Received Import Request.
  Time since last request: 678112.025318 seconds.
  path: Assets/Imported/Abilities/Pickups/Weapons
  artifactKey: Guid(392fa75a3c92beb4d8668bfe64ccdecf) Importer(815301076,1909f56bfc062723c751e8b465ee728b)
Start importing Assets/Imported/Abilities/Pickups/Weapons using Guid(392fa75a3c92beb4d8668bfe64ccdecf) Importer(815301076,1909f56bfc062723c751e8b465ee728b)  -> (artifact id: '3235955270ae0b14187c71775a7a59da') in 0.014652 seconds 
========================================================================
Received Import Request.
  Time since last request: 178.481342 seconds.
  path: Assets/Imported/Environment Models
  artifactKey: Guid(9b54c56287c170e4489f7e75988d21e9) Importer(815301076,1909f56bfc062723c751e8b465ee728b)
Start importing Assets/Imported/Environment Models using Guid(9b54c56287c170e4489f7e75988d21e9) Importer(815301076,1909f56bfc062723c751e8b465ee728b)  -> (artifact id: 'd996c1b9f1a59daf49076d33d66aec30') in 0.011065 seconds 
========================================================================
Received Import Request.
  Time since last request: 238.910353 seconds.
  path: Assets/Prefabs/AI/AI_Test_Hitscan_Rifle 1.prefab
  artifactKey: Guid(995d7703be8a89448860a9f03063b21d) Importer(815301076,1909f56bfc062723c751e8b465ee728b)
Start importing Assets/Prefabs/AI/AI_Test_Hitscan_Rifle 1.prefab using Guid(995d7703be8a89448860a9f03063b21d) Importer(815301076,1909f56bfc062723c751e8b465ee728b)  -> (artifact id: '8925e4936bc399d96e38f06410aad81c') in 0.344826 seconds 
========================================================================
Received Import Request.
  Time since last request: 103.714030 seconds.
  path: Assets/Models/Pickups/Health/Material/m_Pickups_Health.mat
  artifactKey: Guid(30f04191f5893484aa679129b35694bf) Importer(815301076,1909f56bfc062723c751e8b465ee728b)
Start importing Assets/Models/Pickups/Health/Material/m_Pickups_Health.mat using Guid(30f04191f5893484aa679129b35694bf) Importer(815301076,1909f56bfc062723c751e8b465ee728b)  -> (artifact id: '7944036bb81329a38c2b463cd212422e') in 0.075601 seconds 
========================================================================
Received Prepare
Registering precompiled user dll's ...
Registered in 0.005991 seconds.
Begin MonoManager ReloadAssembly
Symbol file LoadedFromMemory doesn't match image C:\Users\jacob\Documents\Game Development\Quick Arcade Games\Doom Clone\Library\PackageCache\com.unity.visualscripting@1.8.0\Editor\VisualScripting.Core\Dependencies\YamlDotNet\Unity.VisualScripting.YamlDotNet.dll
Symbol file LoadedFromMemory doesn't match image C:\Users\jacob\Documents\Game Development\Quick Arcade Games\Doom Clone\Library\PackageCache\com.unity.visualscripting@1.8.0\Editor\VisualScripting.Core\Dependencies\DotNetZip\Unity.VisualScripting.IonicZip.dll
Native extension for WindowsStandalone target not found
Native extension for WebGL target not found
Refreshing native plugins compatible for Editor in 1.55 ms, found 3 plugins.
Preloading 0 native plugins for Editor in 0.00 ms.
Mono: successfully reloaded assembly
- Completed reload, in  1.753 seconds
Domain Reload Profiling:
	ReloadAssembly (1753ms)
		BeginReloadAssembly (200ms)
			ExecutionOrderSort (0ms)
			DisableScriptedObjects (6ms)
			BackupInstance (0ms)
			ReleaseScriptingObjects (0ms)
			CreateAndSetChildDomain (52ms)
		EndReloadAssembly (1407ms)
			LoadAssemblies (136ms)
			RebuildTransferFunctionScriptingTraits (0ms)
			SetupTypeCache (451ms)
			ReleaseScriptCaches (2ms)
			RebuildScriptCaches (78ms)
			SetupLoadedEditorAssemblies (678ms)
				LogAssemblyErrors (0ms)
				InitializePlatformSupportModulesInManaged (10ms)
				SetLoadedEditorAssemblies (1ms)
				RefreshPlugins (2ms)
				BeforeProcessingInitializeOnLoad (119ms)
				ProcessInitializeOnLoadAttributes (453ms)
				ProcessInitializeOnLoadMethodAttributes (80ms)
				AfterProcessingInitializeOnLoad (13ms)
				EditorAssembliesLoaded (0ms)
			ExecutionOrderSort2 (0ms)
			AwakeInstancesAfterBackupRestoration (8ms)
Platform modules already initialized, skipping
Refreshing native plugins compatible for Editor in 4.26 ms, found 3 plugins.
Preloading 0 native plugins for Editor in 0.00 ms.
Unloading 4988 Unused Serialized files (Serialized files now loaded: 0)
Unloading 33 unused Assets / (1.6 MB). Loaded Objects now: 5618.
Memory consumption went from 290.3 MB to 288.7 MB.
Total: 5.324600 ms (FindLiveObjects: 0.430400 ms CreateObjectMapping: 0.512700 ms MarkObjects: 3.850700 ms  DeleteObjects: 0.529600 ms)

AssetImportParameters requested are different than current active one (requested -> active):
  custom:video-decoder-ogg-theora: a1e56fd34408186e4bbccfd4996cb3dc -> 
  custom:container-muxer-webm: aa71ff27fc2769a1b78a27578f13a17b -> 
  custom:container-demuxer-webm: 4f35f7cbe854078d1ac9338744f61a02 -> 
  custom:video-encoder-webm-vp8: eb34c28f22e8b96e1ab97ce403110664 -> 
  custom:video-codec-MediaFoundation-h265: 746d11721c4dcdbdad8f713fa42b33f4 -> 
  custom:audio-encoder-webm-vorbis: bf7c407c2cedff20999df2af8eb42d56 -> 
  custom:framework-win-MediaFoundation: 216162199b28c13a410421893ffa2e32 -> 
  custom:container-demuxer-ogg: 62fdf1f143b41e24485cea50d1cbac27 -> 
  custom:video-decoder-webm-vp8: 9c59270c3fd7afecdb556c50c9e8de78 -> 
  custom:audio-decoder-ogg-vorbis: bf7c407c2cedff20999df2af8eb42d56 -> 
========================================================================
Received Prepare
Registering precompiled user dll's ...
Registered in 0.006471 seconds.
Begin MonoManager ReloadAssembly
Symbol file LoadedFromMemory doesn't match image C:\Users\jacob\Documents\Game Development\Quick Arcade Games\Doom Clone\Library\PackageCache\com.unity.visualscripting@1.8.0\Editor\VisualScripting.Core\Dependencies\YamlDotNet\Unity.VisualScripting.YamlDotNet.dll
Symbol file LoadedFromMemory doesn't match image C:\Users\jacob\Documents\Game Development\Quick Arcade Games\Doom Clone\Library\PackageCache\com.unity.visualscripting@1.8.0\Editor\VisualScripting.Core\Dependencies\DotNetZip\Unity.VisualScripting.IonicZip.dll
Native extension for WindowsStandalone target not found
Native extension for WebGL target not found
Refreshing native plugins compatible for Editor in 1.76 ms, found 3 plugins.
Preloading 0 native plugins for Editor in 0.00 ms.
Mono: successfully reloaded assembly
- Completed reload, in  1.544 seconds
Domain Reload Profiling:
	ReloadAssembly (1545ms)
		BeginReloadAssembly (165ms)
			ExecutionOrderSort (0ms)
			DisableScriptedObjects (5ms)
			BackupInstance (0ms)
			ReleaseScriptingObjects (0ms)
			CreateAndSetChildDomain (48ms)
		EndReloadAssembly (1257ms)
			LoadAssemblies (111ms)
			RebuildTransferFunctionScriptingTraits (0ms)
			SetupTypeCache (359ms)
			ReleaseScriptCaches (2ms)
			RebuildScriptCaches (57ms)
			SetupLoadedEditorAssemblies (680ms)
				LogAssemblyErrors (0ms)
				InitializePlatformSupportModulesInManaged (8ms)
				SetLoadedEditorAssemblies (1ms)
				RefreshPlugins (2ms)
				BeforeProcessingInitializeOnLoad (119ms)
				ProcessInitializeOnLoadAttributes (458ms)
				ProcessInitializeOnLoadMethodAttributes (81ms)
				AfterProcessingInitializeOnLoad (12ms)
				EditorAssembliesLoaded (0ms)
			ExecutionOrderSort2 (0ms)
			AwakeInstancesAfterBackupRestoration (8ms)
Platform modules already initialized, skipping
Refreshing native plugins compatible for Editor in 3.79 ms, found 3 plugins.
Preloading 0 native plugins for Editor in 0.00 ms.
Unloading 4988 Unused Serialized files (Serialized files now loaded: 0)
Unloading 31 unused Assets / (1.6 MB). Loaded Objects now: 5621.
Memory consumption went from 290.3 MB to 288.7 MB.
Total: 4.376900 ms (FindLiveObjects: 0.553100 ms CreateObjectMapping: 0.478800 ms MarkObjects: 2.983800 ms  DeleteObjects: 0.359900 ms)

AssetImportParameters requested are different than current active one (requested -> active):
  custom:video-decoder-ogg-theora: a1e56fd34408186e4bbccfd4996cb3dc -> 
  custom:container-muxer-webm: aa71ff27fc2769a1b78a27578f13a17b -> 
  custom:container-demuxer-webm: 4f35f7cbe854078d1ac9338744f61a02 -> 
  custom:video-encoder-webm-vp8: eb34c28f22e8b96e1ab97ce403110664 -> 
  custom:video-codec-MediaFoundation-h265: 746d11721c4dcdbdad8f713fa42b33f4 -> 
  custom:audio-encoder-webm-vorbis: bf7c407c2cedff20999df2af8eb42d56 -> 
  custom:framework-win-MediaFoundation: 216162199b28c13a410421893ffa2e32 -> 
  custom:container-demuxer-ogg: 62fdf1f143b41e24485cea50d1cbac27 -> 
  custom:video-decoder-webm-vp8: 9c59270c3fd7afecdb556c50c9e8de78 -> 
  custom:audio-decoder-ogg-vorbis: bf7c407c2cedff20999df2af8eb42d56 -> 
========================================================================
Received Import Request.
  Time since last request: 48333.736996 seconds.
  path: Assets/Prefabs/Pickups/1_HealthBonus.prefab
  artifactKey: Guid(f516ecb5c5a126d418a9cd945b187313) Importer(815301076,1909f56bfc062723c751e8b465ee728b)
Start importing Assets/Prefabs/Pickups/1_HealthBonus.prefab using Guid(f516ecb5c5a126d418a9cd945b187313) Importer(815301076,1909f56bfc062723c751e8b465ee728b)  -> (artifact id: '016d86abcc02482363b5688f14ef5244') in 18.340709 seconds 
========================================================================
Received Import Request.
  Time since last request: 0.000073 seconds.
  path: Assets/Prefabs/Pickups/Health/1_HealthBonus.prefab
  artifactKey: Guid(f516ecb5c5a126d418a9cd945b187313) Importer(815301076,1909f56bfc062723c751e8b465ee728b)
Start importing Assets/Prefabs/Pickups/Health/1_HealthBonus.prefab using Guid(f516ecb5c5a126d418a9cd945b187313) Importer(815301076,1909f56bfc062723c751e8b465ee728b)  -> (artifact id: '016d86abcc02482363b5688f14ef5244') in 0.009520 seconds 
========================================================================
Received Import Request.
  Time since last request: 1.776635 seconds.
  path: Assets/Prefabs/Pickups/Weapons
  artifactKey: Guid(8ef04e3e985414145adf73684c2a5f23) Importer(815301076,1909f56bfc062723c751e8b465ee728b)
Start importing Assets/Prefabs/Pickups/Weapons using Guid(8ef04e3e985414145adf73684c2a5f23) Importer(815301076,1909f56bfc062723c751e8b465ee728b)  -> (artifact id: '0a89d2829b6ed079d2d4b66a2e0eea30') in 0.007648 seconds 
========================================================================
Received Import Request.
  Time since last request: 14.205075 seconds.
  path: Assets/Imported/BoomerShooterPack/Prefabs/PlayerController.prefab
  artifactKey: Guid(568370e3d7ffede48b78710547b99a43) Importer(815301076,1909f56bfc062723c751e8b465ee728b)
Start importing Assets/Imported/BoomerShooterPack/Prefabs/PlayerController.prefab using Guid(568370e3d7ffede48b78710547b99a43) Importer(815301076,1909f56bfc062723c751e8b465ee728b)  -> (artifact id: 'd3bdefabba2dce1e9c96d392625c104b') in 2.583849 seconds 
========================================================================
Received Import Request.
  Time since last request: 0.336385 seconds.
  path: Assets/Imported/BoomerShooterPack/Prefabs/WeaponPickups/Pickup_2_Shotgun_Ithaca.prefab
  artifactKey: Guid(f08f5d319f3696945b3bfb03a97105bd) Importer(815301076,1909f56bfc062723c751e8b465ee728b)
Start importing Assets/Imported/BoomerShooterPack/Prefabs/WeaponPickups/Pickup_2_Shotgun_Ithaca.prefab using Guid(f08f5d319f3696945b3bfb03a97105bd) Importer(815301076,1909f56bfc062723c751e8b465ee728b)  -> (artifact id: '699c17d03ea6ef07f59f9fc31df1fcb7') in 0.352461 seconds 
========================================================================
Received Import Request.
  Time since last request: 0.000021 seconds.
  path: Assets/Imported/BoomerShooterPack/Prefabs/WeaponPickups/Pickup_4_Handgun_M1911.prefab
  artifactKey: Guid(895c0806103832744925eb12ca3fb699) Importer(815301076,1909f56bfc062723c751e8b465ee728b)
Start importing Assets/Imported/BoomerShooterPack/Prefabs/WeaponPickups/Pickup_4_Handgun_M1911.prefab using Guid(895c0806103832744925eb12ca3fb699) Importer(815301076,1909f56bfc062723c751e8b465ee728b)  -> (artifact id: 'a08b26f6bc974c8f9cccb27fb8c8531c') in 0.035077 seconds 
========================================================================
Received Import Request.
  Time since last request: 0.000034 seconds.
  path: Assets/Imported/BoomerShooterPack/Prefabs/WeaponPickups/Pickup_5_Railcannon.prefab
  artifactKey: Guid(c4c8c9c9c4db60c4a9a1c0b1dbe5bddf) Importer(815301076,1909f56bfc062723c751e8b465ee728b)
Start importing Assets/Imported/BoomerShooterPack/Prefabs/WeaponPickups/Pickup_5_Railcannon.prefab using Guid(c4c8c9c9c4db60c4a9a1c0b1dbe5bddf) Importer(815301076,1909f56bfc062723c751e8b465ee728b)  -> (artifact id: '5c2d566743bcba1ef97e5299e8ff5c73') in 0.037281 seconds 
========================================================================
Received Import Request.
  Time since last request: 50.506569 seconds.
  path: Assets/Imported/BoomerShooterPack/Prefabs/WeaponPickups/Pickup_2_Shotgun_Ithaca.prefab
  artifactKey: Guid(f08f5d319f3696945b3bfb03a97105bd) Importer(815301076,1909f56bfc062723c751e8b465ee728b)
Start importing Assets/Imported/BoomerShooterPack/Prefabs/WeaponPickups/Pickup_2_Shotgun_Ithaca.prefab using Guid(f08f5d319f3696945b3bfb03a97105bd) Importer(815301076,1909f56bfc062723c751e8b465ee728b)  -> (artifact id: '935b00abd94272d18eed0812c7063e34') in 0.026006 seconds 
========================================================================
Received Import Request.
  Time since last request: 1.052860 seconds.
  path: Assets/Imported/BoomerShooterPack/Prefabs/WeaponPickups/Pickup_2_Shotgun_Ithaca.prefab
  artifactKey: Guid(f08f5d319f3696945b3bfb03a97105bd) Importer(815301076,1909f56bfc062723c751e8b465ee728b)
Start importing Assets/Imported/BoomerShooterPack/Prefabs/WeaponPickups/Pickup_2_Shotgun_Ithaca.prefab using Guid(f08f5d319f3696945b3bfb03a97105bd) Importer(815301076,1909f56bfc062723c751e8b465ee728b)  -> (artifact id: '3081c165e7d135c5199155bb2150e26b') in 0.022166 seconds 
========================================================================
Received Import Request.
  Time since last request: 1.003606 seconds.
  path: Assets/Imported/BoomerShooterPack/Prefabs/WeaponPickups/Pickup_2_Shotgun_Ithaca.prefab
  artifactKey: Guid(f08f5d319f3696945b3bfb03a97105bd) Importer(815301076,1909f56bfc062723c751e8b465ee728b)
Start importing Assets/Imported/BoomerShooterPack/Prefabs/WeaponPickups/Pickup_2_Shotgun_Ithaca.prefab using Guid(f08f5d319f3696945b3bfb03a97105bd) Importer(815301076,1909f56bfc062723c751e8b465ee728b)  -> (artifact id: 'c270e904dae2ecebd7420ed8c1011510') in 0.021424 seconds 
========================================================================
Received Import Request.
  Time since last request: 1.012730 seconds.
  path: Assets/Imported/BoomerShooterPack/Prefabs/WeaponPickups/Pickup_2_Shotgun_Ithaca.prefab
  artifactKey: Guid(f08f5d319f3696945b3bfb03a97105bd) Importer(815301076,1909f56bfc062723c751e8b465ee728b)
Start importing Assets/Imported/BoomerShooterPack/Prefabs/WeaponPickups/Pickup_2_Shotgun_Ithaca.prefab using Guid(f08f5d319f3696945b3bfb03a97105bd) Importer(815301076,1909f56bfc062723c751e8b465ee728b)  -> (artifact id: '7a8a128d89bbc333481a61fffe36c32f') in 0.022014 seconds 
========================================================================
Received Import Request.
  Time since last request: 0.893969 seconds.
  path: Assets/Imported/BoomerShooterPack/Prefabs/WeaponPickups/Pickup_2_Shotgun_Ithaca.prefab
  artifactKey: Guid(f08f5d319f3696945b3bfb03a97105bd) Importer(815301076,1909f56bfc062723c751e8b465ee728b)
Start importing Assets/Imported/BoomerShooterPack/Prefabs/WeaponPickups/Pickup_2_Shotgun_Ithaca.prefab using Guid(f08f5d319f3696945b3bfb03a97105bd) Importer(815301076,1909f56bfc062723c751e8b465ee728b)  -> (artifact id: 'ef13cee181f5fdd611208764cb161ebe') in 0.028832 seconds 
========================================================================
Received Import Request.
  Time since last request: 0.921878 seconds.
  path: Assets/Imported/BoomerShooterPack/Prefabs/WeaponPickups/Pickup_2_Shotgun_Ithaca.prefab
  artifactKey: Guid(f08f5d319f3696945b3bfb03a97105bd) Importer(815301076,1909f56bfc062723c751e8b465ee728b)
Start importing Assets/Imported/BoomerShooterPack/Prefabs/WeaponPickups/Pickup_2_Shotgun_Ithaca.prefab using Guid(f08f5d319f3696945b3bfb03a97105bd) Importer(815301076,1909f56bfc062723c751e8b465ee728b)  -> (artifact id: '224e138e8571ae7bcfe4cccb5028810e') in 0.025219 seconds 
========================================================================
Received Import Request.
  Time since last request: 1.589990 seconds.
  path: Assets/Imported/BoomerShooterPack/Prefabs/WeaponPickups/Pickup_2_Shotgun_Ithaca.prefab
  artifactKey: Guid(f08f5d319f3696945b3bfb03a97105bd) Importer(815301076,1909f56bfc062723c751e8b465ee728b)
Start importing Assets/Imported/BoomerShooterPack/Prefabs/WeaponPickups/Pickup_2_Shotgun_Ithaca.prefab using Guid(f08f5d319f3696945b3bfb03a97105bd) Importer(815301076,1909f56bfc062723c751e8b465ee728b)  -> (artifact id: '90336704e3f629c51a7eacd4e970a224') in 0.021762 seconds 
========================================================================
Received Import Request.
  Time since last request: 3.563466 seconds.
  path: Assets/Imported/BoomerShooterPack/Prefabs/WeaponPickups/Pickup_2_Shotgun_Ithaca.prefab
  artifactKey: Guid(f08f5d319f3696945b3bfb03a97105bd) Importer(815301076,1909f56bfc062723c751e8b465ee728b)
Start importing Assets/Imported/BoomerShooterPack/Prefabs/WeaponPickups/Pickup_2_Shotgun_Ithaca.prefab using Guid(f08f5d319f3696945b3bfb03a97105bd) Importer(815301076,1909f56bfc062723c751e8b465ee728b)  -> (artifact id: 'f9a7cb947bebf1d5995fd63599502fa7') in 0.036445 seconds 
========================================================================
Received Import Request.
  Time since last request: 1.968405 seconds.
  path: Assets/Imported/BoomerShooterPack/Prefabs/WeaponPickups/Pickup_2_Shotgun_Ithaca.prefab
  artifactKey: Guid(f08f5d319f3696945b3bfb03a97105bd) Importer(815301076,1909f56bfc062723c751e8b465ee728b)
Start importing Assets/Imported/BoomerShooterPack/Prefabs/WeaponPickups/Pickup_2_Shotgun_Ithaca.prefab using Guid(f08f5d319f3696945b3bfb03a97105bd) Importer(815301076,1909f56bfc062723c751e8b465ee728b)  -> (artifact id: 'c9e87f7f5abeae892065529ae2339736') in 0.016677 seconds 
========================================================================
Received Import Request.
  Time since last request: 1.120717 seconds.
  path: Assets/Imported/BoomerShooterPack/Prefabs/WeaponPickups/Pickup_2_Shotgun_Ithaca.prefab
  artifactKey: Guid(f08f5d319f3696945b3bfb03a97105bd) Importer(815301076,1909f56bfc062723c751e8b465ee728b)
Start importing Assets/Imported/BoomerShooterPack/Prefabs/WeaponPickups/Pickup_2_Shotgun_Ithaca.prefab using Guid(f08f5d319f3696945b3bfb03a97105bd) Importer(815301076,1909f56bfc062723c751e8b465ee728b)  -> (artifact id: '9cc2520d151327475d4f096819330a26') in 0.028814 seconds 
========================================================================
Received Import Request.
  Time since last request: 1.373723 seconds.
  path: Assets/Imported/BoomerShooterPack/Prefabs/WeaponPickups/Pickup_2_Shotgun_Ithaca.prefab
  artifactKey: Guid(f08f5d319f3696945b3bfb03a97105bd) Importer(815301076,1909f56bfc062723c751e8b465ee728b)
Start importing Assets/Imported/BoomerShooterPack/Prefabs/WeaponPickups/Pickup_2_Shotgun_Ithaca.prefab using Guid(f08f5d319f3696945b3bfb03a97105bd) Importer(815301076,1909f56bfc062723c751e8b465ee728b)  -> (artifact id: '81322859e353d60d8d97d2fc83894edd') in 0.024921 seconds 
========================================================================
Received Import Request.
  Time since last request: 4.029425 seconds.
  path: Assets/Imported/BoomerShooterPack/Prefabs/WeaponPickups/Pickup_2_Shotgun_Ithaca.prefab
  artifactKey: Guid(f08f5d319f3696945b3bfb03a97105bd) Importer(815301076,1909f56bfc062723c751e8b465ee728b)
Start importing Assets/Imported/BoomerShooterPack/Prefabs/WeaponPickups/Pickup_2_Shotgun_Ithaca.prefab using Guid(f08f5d319f3696945b3bfb03a97105bd) Importer(815301076,1909f56bfc062723c751e8b465ee728b)  -> (artifact id: '3b1d719150d8055e36003e804967e00b') in 0.015569 seconds 
========================================================================
Received Import Request.
  Time since last request: 1.936610 seconds.
  path: Assets/Imported/BoomerShooterPack/Prefabs/WeaponPickups/Pickup_2_Shotgun_Ithaca.prefab
  artifactKey: Guid(f08f5d319f3696945b3bfb03a97105bd) Importer(815301076,1909f56bfc062723c751e8b465ee728b)
Start importing Assets/Imported/BoomerShooterPack/Prefabs/WeaponPickups/Pickup_2_Shotgun_Ithaca.prefab using Guid(f08f5d319f3696945b3bfb03a97105bd) Importer(815301076,1909f56bfc062723c751e8b465ee728b)  -> (artifact id: 'f6a95bf5fa16648858431cca56ca44ed') in 0.025455 seconds 
========================================================================
Received Import Request.
  Time since last request: 8.024082 seconds.
  path: Assets/Imported/BoomerShooterPack/Prefabs/WeaponPickups/Pickup_2_Shotgun_Ithaca.prefab
  artifactKey: Guid(f08f5d319f3696945b3bfb03a97105bd) Importer(815301076,1909f56bfc062723c751e8b465ee728b)
Start importing Assets/Imported/BoomerShooterPack/Prefabs/WeaponPickups/Pickup_2_Shotgun_Ithaca.prefab using Guid(f08f5d319f3696945b3bfb03a97105bd) Importer(815301076,1909f56bfc062723c751e8b465ee728b)  -> (artifact id: 'c953c598387cb8f2a7d6f1581ea6bdc1') in 0.030807 seconds 
========================================================================
Received Prepare
Registering precompiled user dll's ...
Registered in 0.005725 seconds.
Begin MonoManager ReloadAssembly
Symbol file LoadedFromMemory doesn't match image C:\Users\jacob\Documents\Game Development\Quick Arcade Games\Doom Clone\Library\PackageCache\com.unity.visualscripting@1.8.0\Editor\VisualScripting.Core\Dependencies\YamlDotNet\Unity.VisualScripting.YamlDotNet.dll
Symbol file LoadedFromMemory doesn't match image C:\Users\jacob\Documents\Game Development\Quick Arcade Games\Doom Clone\Library\PackageCache\com.unity.visualscripting@1.8.0\Editor\VisualScripting.Core\Dependencies\DotNetZip\Unity.VisualScripting.IonicZip.dll
Native extension for WindowsStandalone target not found
Native extension for WebGL target not found
Refreshing native plugins compatible for Editor in 1.28 ms, found 3 plugins.
Preloading 0 native plugins for Editor in 0.00 ms.
Mono: successfully reloaded assembly
- Completed reload, in  4.236 seconds
Domain Reload Profiling:
	ReloadAssembly (4262ms)
		BeginReloadAssembly (2296ms)
			ExecutionOrderSort (0ms)
			DisableScriptedObjects (68ms)
			BackupInstance (0ms)
			ReleaseScriptingObjects (0ms)
			CreateAndSetChildDomain (1179ms)
		EndReloadAssembly (1793ms)
			LoadAssemblies (543ms)
			RebuildTransferFunctionScriptingTraits (0ms)
			SetupTypeCache (732ms)
			ReleaseScriptCaches (16ms)
			RebuildScriptCaches (55ms)
			SetupLoadedEditorAssemblies (778ms)
				LogAssemblyErrors (0ms)
				InitializePlatformSupportModulesInManaged (8ms)
				SetLoadedEditorAssemblies (2ms)
				RefreshPlugins (1ms)
				BeforeProcessingInitializeOnLoad (95ms)
				ProcessInitializeOnLoadAttributes (588ms)
				ProcessInitializeOnLoadMethodAttributes (74ms)
				AfterProcessingInitializeOnLoad (10ms)
				EditorAssembliesLoaded (0ms)
			ExecutionOrderSort2 (0ms)
			AwakeInstancesAfterBackupRestoration (16ms)
Platform modules already initialized, skipping
Refreshing native plugins compatible for Editor in 2.23 ms, found 3 plugins.
Preloading 0 native plugins for Editor in 0.00 ms.
Unloading 4988 Unused Serialized files (Serialized files now loaded: 0)
Unloading 35 unused Assets / (1.6 MB). Loaded Objects now: 5627.
Memory consumption went from 303.6 MB to 302.1 MB.
Total: 8.459100 ms (FindLiveObjects: 0.398800 ms CreateObjectMapping: 0.352100 ms MarkObjects: 7.193900 ms  DeleteObjects: 0.513300 ms)

AssetImportParameters requested are different than current active one (requested -> active):
  custom:video-decoder-ogg-theora: a1e56fd34408186e4bbccfd4996cb3dc -> 
  custom:container-muxer-webm: aa71ff27fc2769a1b78a27578f13a17b -> 
  custom:container-demuxer-webm: 4f35f7cbe854078d1ac9338744f61a02 -> 
  custom:video-encoder-webm-vp8: eb34c28f22e8b96e1ab97ce403110664 -> 
  custom:video-codec-MediaFoundation-h265: 746d11721c4dcdbdad8f713fa42b33f4 -> 
  custom:audio-encoder-webm-vorbis: bf7c407c2cedff20999df2af8eb42d56 -> 
  custom:framework-win-MediaFoundation: 216162199b28c13a410421893ffa2e32 -> 
  custom:container-demuxer-ogg: 62fdf1f143b41e24485cea50d1cbac27 -> 
  custom:video-decoder-webm-vp8: 9c59270c3fd7afecdb556c50c9e8de78 -> 
  custom:audio-decoder-ogg-vorbis: bf7c407c2cedff20999df2af8eb42d56 -> 
========================================================================
Received Import Request.
  Time since last request: 259.318195 seconds.
  path: Assets/Imported/BoomerShooterPack/Prefabs/WeaponPickups/Pickup_1_SecurityPistol.prefab
  artifactKey: Guid(2a28140a01358b24797c35900d193f7b) Importer(815301076,1909f56bfc062723c751e8b465ee728b)
Start importing Assets/Imported/BoomerShooterPack/Prefabs/WeaponPickups/Pickup_1_SecurityPistol.prefab using Guid(2a28140a01358b24797c35900d193f7b) Importer(815301076,1909f56bfc062723c751e8b465ee728b)  -> (artifact id: '509fe3dc2bbcf80e213506cc69ada49f') in 0.593349 seconds 
========================================================================
Received Import Request.
  Time since last request: 31.279157 seconds.
  path: Assets/Imported/BoomerShooterPack/Prefabs/WeaponPickups/Pickup_1_SecurityPistol.prefab
  artifactKey: Guid(2a28140a01358b24797c35900d193f7b) Importer(815301076,1909f56bfc062723c751e8b465ee728b)
Start importing Assets/Imported/BoomerShooterPack/Prefabs/WeaponPickups/Pickup_1_SecurityPistol.prefab using Guid(2a28140a01358b24797c35900d193f7b) Importer(815301076,1909f56bfc062723c751e8b465ee728b)  -> (artifact id: 'c0c8c71777cb9fb68b4f20ca57e0b2d9') in 0.045255 seconds 
========================================================================
Received Import Request.
  Time since last request: 0.967517 seconds.
  path: Assets/Imported/BoomerShooterPack/Prefabs/WeaponPickups/Pickup_1_SecurityPistol.prefab
  artifactKey: Guid(2a28140a01358b24797c35900d193f7b) Importer(815301076,1909f56bfc062723c751e8b465ee728b)
Start importing Assets/Imported/BoomerShooterPack/Prefabs/WeaponPickups/Pickup_1_SecurityPistol.prefab using Guid(2a28140a01358b24797c35900d193f7b) Importer(815301076,1909f56bfc062723c751e8b465ee728b)  -> (artifact id: '18efd27484898ae531d7b44126ce99fa') in 0.048918 seconds 
========================================================================
Received Import Request.
  Time since last request: 0.533805 seconds.
  path: Assets/Imported/BoomerShooterPack/Prefabs/WeaponPickups/Pickup_1_SecurityPistol.prefab
  artifactKey: Guid(2a28140a01358b24797c35900d193f7b) Importer(815301076,1909f56bfc062723c751e8b465ee728b)
Start importing Assets/Imported/BoomerShooterPack/Prefabs/WeaponPickups/Pickup_1_SecurityPistol.prefab using Guid(2a28140a01358b24797c35900d193f7b) Importer(815301076,1909f56bfc062723c751e8b465ee728b)  -> (artifact id: '91ae21a7113b265e3ae3ccfcfc7c2a33') in 0.046402 seconds 
========================================================================
Received Import Request.
  Time since last request: 7.615438 seconds.
  path: Assets/Imported/BoomerShooterPack/Prefabs/WeaponPickups/Pickup_1_SecurityPistol.prefab
  artifactKey: Guid(2a28140a01358b24797c35900d193f7b) Importer(815301076,1909f56bfc062723c751e8b465ee728b)
Start importing Assets/Imported/BoomerShooterPack/Prefabs/WeaponPickups/Pickup_1_SecurityPistol.prefab using Guid(2a28140a01358b24797c35900d193f7b) Importer(815301076,1909f56bfc062723c751e8b465ee728b)  -> (artifact id: 'b5e9268f8ffbd4b65ae03b3f48755651') in 0.069073 seconds 
========================================================================
Received Import Request.
  Time since last request: 38.017442 seconds.
  path: Assets/Imported/BoomerShooterPack/Prefabs/WeaponPickups/Pickup_1_SecurityPistol.prefab
  artifactKey: Guid(2a28140a01358b24797c35900d193f7b) Importer(815301076,1909f56bfc062723c751e8b465ee728b)
Start importing Assets/Imported/BoomerShooterPack/Prefabs/WeaponPickups/Pickup_1_SecurityPistol.prefab using Guid(2a28140a01358b24797c35900d193f7b) Importer(815301076,1909f56bfc062723c751e8b465ee728b)  -> (artifact id: '1af421f7f73c6d6f92b04abc6583d41d') in 0.045296 seconds 
========================================================================
Received Import Request.
  Time since last request: 10.631100 seconds.
  path: Assets/Imported/BoomerShooterPack/Prefabs/WeaponPickups/Pickup_1_SecurityPistol.prefab
  artifactKey: Guid(2a28140a01358b24797c35900d193f7b) Importer(815301076,1909f56bfc062723c751e8b465ee728b)
Start importing Assets/Imported/BoomerShooterPack/Prefabs/WeaponPickups/Pickup_1_SecurityPistol.prefab using Guid(2a28140a01358b24797c35900d193f7b) Importer(815301076,1909f56bfc062723c751e8b465ee728b)  -> (artifact id: 'f1f3cc04afc31f25b63f079f67176535') in 0.049756 seconds 
========================================================================
Received Import Request.
  Time since last request: 1.759691 seconds.
  path: Assets/Imported/BoomerShooterPack/Prefabs/WeaponPickups/Pickup_1_SecurityPistol.prefab
  artifactKey: Guid(2a28140a01358b24797c35900d193f7b) Importer(815301076,1909f56bfc062723c751e8b465ee728b)
Start importing Assets/Imported/BoomerShooterPack/Prefabs/WeaponPickups/Pickup_1_SecurityPistol.prefab using Guid(2a28140a01358b24797c35900d193f7b) Importer(815301076,1909f56bfc062723c751e8b465ee728b)  -> (artifact id: '2d9f976e0030b0f17fb656b26fdffa49') in 0.055119 seconds 
========================================================================
Received Import Request.
  Time since last request: 2.156034 seconds.
  path: Assets/Imported/BoomerShooterPack/Prefabs/WeaponPickups/Pickup_1_SecurityPistol.prefab
  artifactKey: Guid(2a28140a01358b24797c35900d193f7b) Importer(815301076,1909f56bfc062723c751e8b465ee728b)
Start importing Assets/Imported/BoomerShooterPack/Prefabs/WeaponPickups/Pickup_1_SecurityPistol.prefab using Guid(2a28140a01358b24797c35900d193f7b) Importer(815301076,1909f56bfc062723c751e8b465ee728b)  -> (artifact id: '750b956fd4b9fff33b2e1816e207e359') in 0.055726 seconds 
========================================================================
Received Import Request.
  Time since last request: 9.403205 seconds.
  path: Assets/Imported/BoomerShooterPack/Prefabs/WeaponPickups/Pickup_1_SecurityPistol.prefab
  artifactKey: Guid(2a28140a01358b24797c35900d193f7b) Importer(815301076,1909f56bfc062723c751e8b465ee728b)
Start importing Assets/Imported/BoomerShooterPack/Prefabs/WeaponPickups/Pickup_1_SecurityPistol.prefab using Guid(2a28140a01358b24797c35900d193f7b) Importer(815301076,1909f56bfc062723c751e8b465ee728b)  -> (artifact id: '054c103611c3bf810addca69a8c551c4') in 0.048463 seconds 
========================================================================
Received Import Request.
  Time since last request: 2.360432 seconds.
  path: Assets/Imported/BoomerShooterPack/Prefabs/WeaponPickups/Pickup_1_SecurityPistol.prefab
  artifactKey: Guid(2a28140a01358b24797c35900d193f7b) Importer(815301076,1909f56bfc062723c751e8b465ee728b)
Start importing Assets/Imported/BoomerShooterPack/Prefabs/WeaponPickups/Pickup_1_SecurityPistol.prefab using Guid(2a28140a01358b24797c35900d193f7b) Importer(815301076,1909f56bfc062723c751e8b465ee728b)  -> (artifact id: '997c526088c4c20255171a19f8ad74c4') in 0.045937 seconds 
========================================================================
Received Import Request.
  Time since last request: 8.225252 seconds.
  path: Assets/Imported/BoomerShooterPack/Prefabs/WeaponPickups/Pickup_1_SecurityPistol.prefab
  artifactKey: Guid(2a28140a01358b24797c35900d193f7b) Importer(815301076,1909f56bfc062723c751e8b465ee728b)
Start importing Assets/Imported/BoomerShooterPack/Prefabs/WeaponPickups/Pickup_1_SecurityPistol.prefab using Guid(2a28140a01358b24797c35900d193f7b) Importer(815301076,1909f56bfc062723c751e8b465ee728b)  -> (artifact id: '99ec0cb3fa26aa6d7eee6e25876d09c4') in 0.045784 seconds 
========================================================================
Received Import Request.
  Time since last request: 4.588727 seconds.
  path: Assets/Imported/BoomerShooterPack/Prefabs/WeaponPickups/Pickup_1_SecurityPistol.prefab
  artifactKey: Guid(2a28140a01358b24797c35900d193f7b) Importer(815301076,1909f56bfc062723c751e8b465ee728b)
Start importing Assets/Imported/BoomerShooterPack/Prefabs/WeaponPickups/Pickup_1_SecurityPistol.prefab using Guid(2a28140a01358b24797c35900d193f7b) Importer(815301076,1909f56bfc062723c751e8b465ee728b)  -> (artifact id: '8628940c90e1635eacc978920677de5c') in 0.045652 seconds 
========================================================================
Received Import Request.
  Time since last request: 1.166809 seconds.
  path: Assets/Imported/BoomerShooterPack/Prefabs/WeaponPickups/Pickup_1_SecurityPistol.prefab
  artifactKey: Guid(2a28140a01358b24797c35900d193f7b) Importer(815301076,1909f56bfc062723c751e8b465ee728b)
Start importing Assets/Imported/BoomerShooterPack/Prefabs/WeaponPickups/Pickup_1_SecurityPistol.prefab using Guid(2a28140a01358b24797c35900d193f7b) Importer(815301076,1909f56bfc062723c751e8b465ee728b)  -> (artifact id: 'ef82779088e3b100ba63572d81f783f3') in 0.048460 seconds 
========================================================================
Received Import Request.
  Time since last request: 18.316681 seconds.
  path: Assets/Imported/BoomerShooterPack/Prefabs/WeaponPickups/Pickup_1_SecurityPistol.prefab
  artifactKey: Guid(2a28140a01358b24797c35900d193f7b) Importer(815301076,1909f56bfc062723c751e8b465ee728b)
Start importing Assets/Imported/BoomerShooterPack/Prefabs/WeaponPickups/Pickup_1_SecurityPistol.prefab using Guid(2a28140a01358b24797c35900d193f7b) Importer(815301076,1909f56bfc062723c751e8b465ee728b)  -> (artifact id: 'a713df8cb45902672a182221d28fa85f') in 0.045933 seconds 
========================================================================
Received Import Request.
  Time since last request: 8.098125 seconds.
  path: Assets/Imported/BoomerShooterPack/Prefabs/WeaponPickups/Pickup_1_SecurityPistol.prefab
  artifactKey: Guid(2a28140a01358b24797c35900d193f7b) Importer(815301076,1909f56bfc062723c751e8b465ee728b)
Start importing Assets/Imported/BoomerShooterPack/Prefabs/WeaponPickups/Pickup_1_SecurityPistol.prefab using Guid(2a28140a01358b24797c35900d193f7b) Importer(815301076,1909f56bfc062723c751e8b465ee728b)  -> (artifact id: '0bbdd2fbe3fb04ab5e202d418489cbb6') in 0.047260 seconds 
========================================================================
Received Import Request.
  Time since last request: 6.072830 seconds.
  path: Assets/Imported/BoomerShooterPack/Prefabs/WeaponPickups/Pickup_1_SecurityPistol.prefab
  artifactKey: Guid(2a28140a01358b24797c35900d193f7b) Importer(815301076,1909f56bfc062723c751e8b465ee728b)
Start importing Assets/Imported/BoomerShooterPack/Prefabs/WeaponPickups/Pickup_1_SecurityPistol.prefab using Guid(2a28140a01358b24797c35900d193f7b) Importer(815301076,1909f56bfc062723c751e8b465ee728b)  -> (artifact id: 'd1b37e8055b976fe3856e1d2957f1140') in 0.044042 seconds 
========================================================================
Received Prepare
Registering precompiled user dll's ...
Registered in 0.005942 seconds.
Begin MonoManager ReloadAssembly
Symbol file LoadedFromMemory doesn't match image C:\Users\jacob\Documents\Game Development\Quick Arcade Games\Doom Clone\Library\PackageCache\com.unity.visualscripting@1.8.0\Editor\VisualScripting.Core\Dependencies\YamlDotNet\Unity.VisualScripting.YamlDotNet.dll
Symbol file LoadedFromMemory doesn't match image C:\Users\jacob\Documents\Game Development\Quick Arcade Games\Doom Clone\Library\PackageCache\com.unity.visualscripting@1.8.0\Editor\VisualScripting.Core\Dependencies\DotNetZip\Unity.VisualScripting.IonicZip.dll
Native extension for WindowsStandalone target not found
Native extension for WebGL target not found
Refreshing native plugins compatible for Editor in 1.09 ms, found 3 plugins.
Preloading 0 native plugins for Editor in 0.00 ms.
Mono: successfully reloaded assembly
- Completed reload, in  1.477 seconds
Domain Reload Profiling:
	ReloadAssembly (1477ms)
		BeginReloadAssembly (180ms)
			ExecutionOrderSort (0ms)
			DisableScriptedObjects (5ms)
			BackupInstance (0ms)
			ReleaseScriptingObjects (0ms)
			CreateAndSetChildDomain (45ms)
		EndReloadAssembly (1171ms)
			LoadAssemblies (128ms)
			RebuildTransferFunctionScriptingTraits (0ms)
			SetupTypeCache (350ms)
			ReleaseScriptCaches (2ms)
			RebuildScriptCaches (63ms)
			SetupLoadedEditorAssemblies (599ms)
				LogAssemblyErrors (0ms)
				InitializePlatformSupportModulesInManaged (8ms)
				SetLoadedEditorAssemblies (0ms)
				RefreshPlugins (1ms)
				BeforeProcessingInitializeOnLoad (97ms)
				ProcessInitializeOnLoadAttributes (409ms)
				ProcessInitializeOnLoadMethodAttributes (72ms)
				AfterProcessingInitializeOnLoad (11ms)
				EditorAssembliesLoaded (0ms)
			ExecutionOrderSort2 (0ms)
			AwakeInstancesAfterBackupRestoration (7ms)
Platform modules already initialized, skipping
Refreshing native plugins compatible for Editor in 2.67 ms, found 3 plugins.
Preloading 0 native plugins for Editor in 0.00 ms.
Unloading 4988 Unused Serialized files (Serialized files now loaded: 0)
Unloading 31 unused Assets / (1.6 MB). Loaded Objects now: 5630.
Memory consumption went from 303.7 MB to 302.1 MB.
Total: 4.837100 ms (FindLiveObjects: 0.402300 ms CreateObjectMapping: 0.473000 ms MarkObjects: 3.595900 ms  DeleteObjects: 0.365200 ms)

AssetImportParameters requested are different than current active one (requested -> active):
  custom:video-decoder-ogg-theora: a1e56fd34408186e4bbccfd4996cb3dc -> 
  custom:container-muxer-webm: aa71ff27fc2769a1b78a27578f13a17b -> 
  custom:container-demuxer-webm: 4f35f7cbe854078d1ac9338744f61a02 -> 
  custom:video-encoder-webm-vp8: eb34c28f22e8b96e1ab97ce403110664 -> 
  custom:video-codec-MediaFoundation-h265: 746d11721c4dcdbdad8f713fa42b33f4 -> 
  custom:audio-encoder-webm-vorbis: bf7c407c2cedff20999df2af8eb42d56 -> 
  custom:framework-win-MediaFoundation: 216162199b28c13a410421893ffa2e32 -> 
  custom:container-demuxer-ogg: 62fdf1f143b41e24485cea50d1cbac27 -> 
  custom:video-decoder-webm-vp8: 9c59270c3fd7afecdb556c50c9e8de78 -> 
  custom:audio-decoder-ogg-vorbis: bf7c407c2cedff20999df2af8eb42d56 -> 
========================================================================
Received Prepare
Registering precompiled user dll's ...
Registered in 0.006025 seconds.
Begin MonoManager ReloadAssembly
Symbol file LoadedFromMemory doesn't match image C:\Users\jacob\Documents\Game Development\Quick Arcade Games\Doom Clone\Library\PackageCache\com.unity.visualscripting@1.8.0\Editor\VisualScripting.Core\Dependencies\YamlDotNet\Unity.VisualScripting.YamlDotNet.dll
Symbol file LoadedFromMemory doesn't match image C:\Users\jacob\Documents\Game Development\Quick Arcade Games\Doom Clone\Library\PackageCache\com.unity.visualscripting@1.8.0\Editor\VisualScripting.Core\Dependencies\DotNetZip\Unity.VisualScripting.IonicZip.dll
Native extension for WindowsStandalone target not found
Native extension for WebGL target not found
Refreshing native plugins compatible for Editor in 1.52 ms, found 3 plugins.
Preloading 0 native plugins for Editor in 0.00 ms.
Mono: successfully reloaded assembly
- Completed reload, in  1.263 seconds
Domain Reload Profiling:
	ReloadAssembly (1264ms)
		BeginReloadAssembly (175ms)
			ExecutionOrderSort (0ms)
			DisableScriptedObjects (6ms)
			BackupInstance (0ms)
			ReleaseScriptingObjects (0ms)
			CreateAndSetChildDomain (65ms)
		EndReloadAssembly (989ms)
			LoadAssemblies (102ms)
			RebuildTransferFunctionScriptingTraits (0ms)
			SetupTypeCache (283ms)
			ReleaseScriptCaches (2ms)
			RebuildScriptCaches (42ms)
			SetupLoadedEditorAssemblies (519ms)
				LogAssemblyErrors (0ms)
				InitializePlatformSupportModulesInManaged (8ms)
				SetLoadedEditorAssemblies (1ms)
				RefreshPlugins (2ms)
				BeforeProcessingInitializeOnLoad (102ms)
				ProcessInitializeOnLoadAttributes (334ms)
				ProcessInitializeOnLoadMethodAttributes (64ms)
				AfterProcessingInitializeOnLoad (9ms)
				EditorAssembliesLoaded (0ms)
			ExecutionOrderSort2 (0ms)
			AwakeInstancesAfterBackupRestoration (8ms)
Platform modules already initialized, skipping
Refreshing native plugins compatible for Editor in 3.01 ms, found 3 plugins.
Preloading 0 native plugins for Editor in 0.00 ms.
Unloading 4988 Unused Serialized files (Serialized files now loaded: 0)
Unloading 31 unused Assets / (1.6 MB). Loaded Objects now: 5633.
Memory consumption went from 303.7 MB to 302.1 MB.
Total: 4.199700 ms (FindLiveObjects: 0.386200 ms CreateObjectMapping: 0.374300 ms MarkObjects: 3.089400 ms  DeleteObjects: 0.348700 ms)

AssetImportParameters requested are different than current active one (requested -> active):
  custom:video-decoder-ogg-theora: a1e56fd34408186e4bbccfd4996cb3dc -> 
  custom:container-muxer-webm: aa71ff27fc2769a1b78a27578f13a17b -> 
  custom:container-demuxer-webm: 4f35f7cbe854078d1ac9338744f61a02 -> 
  custom:video-encoder-webm-vp8: eb34c28f22e8b96e1ab97ce403110664 -> 
  custom:video-codec-MediaFoundation-h265: 746d11721c4dcdbdad8f713fa42b33f4 -> 
  custom:audio-encoder-webm-vorbis: bf7c407c2cedff20999df2af8eb42d56 -> 
  custom:framework-win-MediaFoundation: 216162199b28c13a410421893ffa2e32 -> 
  custom:container-demuxer-ogg: 62fdf1f143b41e24485cea50d1cbac27 -> 
  custom:video-decoder-webm-vp8: 9c59270c3fd7afecdb556c50c9e8de78 -> 
  custom:audio-decoder-ogg-vorbis: bf7c407c2cedff20999df2af8eb42d56 -> 
========================================================================
Received Prepare
Registering precompiled user dll's ...
Registered in 0.005667 seconds.
Begin MonoManager ReloadAssembly
Symbol file LoadedFromMemory doesn't match image C:\Users\jacob\Documents\Game Development\Quick Arcade Games\Doom Clone\Library\PackageCache\com.unity.visualscripting@1.8.0\Editor\VisualScripting.Core\Dependencies\YamlDotNet\Unity.VisualScripting.YamlDotNet.dll
Symbol file LoadedFromMemory doesn't match image C:\Users\jacob\Documents\Game Development\Quick Arcade Games\Doom Clone\Library\PackageCache\com.unity.visualscripting@1.8.0\Editor\VisualScripting.Core\Dependencies\DotNetZip\Unity.VisualScripting.IonicZip.dll
Native extension for WindowsStandalone target not found
Native extension for WebGL target not found
Refreshing native plugins compatible for Editor in 1.05 ms, found 3 plugins.
Preloading 0 native plugins for Editor in 0.00 ms.
Mono: successfully reloaded assembly
- Completed reload, in  1.716 seconds
Domain Reload Profiling:
	ReloadAssembly (1716ms)
		BeginReloadAssembly (161ms)
			ExecutionOrderSort (0ms)
			DisableScriptedObjects (8ms)
			BackupInstance (0ms)
			ReleaseScriptingObjects (0ms)
			CreateAndSetChildDomain (36ms)
		EndReloadAssembly (1438ms)
			LoadAssemblies (115ms)
			RebuildTransferFunctionScriptingTraits (0ms)
			SetupTypeCache (573ms)
			ReleaseScriptCaches (3ms)
			RebuildScriptCaches (86ms)
			SetupLoadedEditorAssemblies (593ms)
				LogAssemblyErrors (0ms)
				InitializePlatformSupportModulesInManaged (8ms)
				SetLoadedEditorAssemblies (0ms)
				RefreshPlugins (1ms)
				BeforeProcessingInitializeOnLoad (99ms)
				ProcessInitializeOnLoadAttributes (404ms)
				ProcessInitializeOnLoadMethodAttributes (69ms)
				AfterProcessingInitializeOnLoad (11ms)
				EditorAssembliesLoaded (0ms)
			ExecutionOrderSort2 (0ms)
			AwakeInstancesAfterBackupRestoration (8ms)
Platform modules already initialized, skipping
Refreshing native plugins compatible for Editor in 3.32 ms, found 3 plugins.
Preloading 0 native plugins for Editor in 0.00 ms.
Unloading 4988 Unused Serialized files (Serialized files now loaded: 0)
Unloading 31 unused Assets / (1.6 MB). Loaded Objects now: 5636.
Memory consumption went from 303.7 MB to 302.1 MB.
Total: 5.497800 ms (FindLiveObjects: 0.606200 ms CreateObjectMapping: 0.581700 ms MarkObjects: 3.898600 ms  DeleteObjects: 0.410100 ms)

AssetImportParameters requested are different than current active one (requested -> active):
  custom:video-decoder-ogg-theora: a1e56fd34408186e4bbccfd4996cb3dc -> 
  custom:container-muxer-webm: aa71ff27fc2769a1b78a27578f13a17b -> 
  custom:container-demuxer-webm: 4f35f7cbe854078d1ac9338744f61a02 -> 
  custom:video-encoder-webm-vp8: eb34c28f22e8b96e1ab97ce403110664 -> 
  custom:video-codec-MediaFoundation-h265: 746d11721c4dcdbdad8f713fa42b33f4 -> 
  custom:audio-encoder-webm-vorbis: bf7c407c2cedff20999df2af8eb42d56 -> 
  custom:framework-win-MediaFoundation: 216162199b28c13a410421893ffa2e32 -> 
  custom:container-demuxer-ogg: 62fdf1f143b41e24485cea50d1cbac27 -> 
  custom:video-decoder-webm-vp8: 9c59270c3fd7afecdb556c50c9e8de78 -> 
  custom:audio-decoder-ogg-vorbis: bf7c407c2cedff20999df2af8eb42d56 -> 
========================================================================
Received Prepare
Registering precompiled user dll's ...
Registered in 0.008591 seconds.
Begin MonoManager ReloadAssembly
Symbol file LoadedFromMemory doesn't match image C:\Users\jacob\Documents\Game Development\Quick Arcade Games\Doom Clone\Library\PackageCache\com.unity.visualscripting@1.8.0\Editor\VisualScripting.Core\Dependencies\YamlDotNet\Unity.VisualScripting.YamlDotNet.dll
Symbol file LoadedFromMemory doesn't match image C:\Users\jacob\Documents\Game Development\Quick Arcade Games\Doom Clone\Library\PackageCache\com.unity.visualscripting@1.8.0\Editor\VisualScripting.Core\Dependencies\DotNetZip\Unity.VisualScripting.IonicZip.dll
Native extension for WindowsStandalone target not found
Native extension for WebGL target not found
Refreshing native plugins compatible for Editor in 0.97 ms, found 3 plugins.
Preloading 0 native plugins for Editor in 0.00 ms.
Mono: successfully reloaded assembly
- Completed reload, in  1.421 seconds
Domain Reload Profiling:
	ReloadAssembly (1422ms)
		BeginReloadAssembly (164ms)
			ExecutionOrderSort (0ms)
			DisableScriptedObjects (5ms)
			BackupInstance (0ms)
			ReleaseScriptingObjects (0ms)
			CreateAndSetChildDomain (48ms)
		EndReloadAssembly (1131ms)
			LoadAssemblies (117ms)
			RebuildTransferFunctionScriptingTraits (0ms)
			SetupTypeCache (358ms)
			ReleaseScriptCaches (3ms)
			RebuildScriptCaches (53ms)
			SetupLoadedEditorAssemblies (567ms)
				LogAssemblyErrors (0ms)
				InitializePlatformSupportModulesInManaged (7ms)
				SetLoadedEditorAssemblies (0ms)
				RefreshPlugins (1ms)
				BeforeProcessingInitializeOnLoad (87ms)
				ProcessInitializeOnLoadAttributes (393ms)
				ProcessInitializeOnLoadMethodAttributes (69ms)
				AfterProcessingInitializeOnLoad (9ms)
				EditorAssembliesLoaded (0ms)
			ExecutionOrderSort2 (0ms)
			AwakeInstancesAfterBackupRestoration (6ms)
Platform modules already initialized, skipping
Refreshing native plugins compatible for Editor in 2.44 ms, found 3 plugins.
Preloading 0 native plugins for Editor in 0.00 ms.
Unloading 4988 Unused Serialized files (Serialized files now loaded: 0)
Unloading 31 unused Assets / (1.6 MB). Loaded Objects now: 5639.
Memory consumption went from 303.7 MB to 302.1 MB.
Total: 3.717000 ms (FindLiveObjects: 0.391800 ms CreateObjectMapping: 0.396100 ms MarkObjects: 2.609400 ms  DeleteObjects: 0.318500 ms)

AssetImportParameters requested are different than current active one (requested -> active):
  custom:video-decoder-ogg-theora: a1e56fd34408186e4bbccfd4996cb3dc -> 
  custom:container-muxer-webm: aa71ff27fc2769a1b78a27578f13a17b -> 
  custom:container-demuxer-webm: 4f35f7cbe854078d1ac9338744f61a02 -> 
  custom:video-encoder-webm-vp8: eb34c28f22e8b96e1ab97ce403110664 -> 
  custom:video-codec-MediaFoundation-h265: 746d11721c4dcdbdad8f713fa42b33f4 -> 
  custom:audio-encoder-webm-vorbis: bf7c407c2cedff20999df2af8eb42d56 -> 
  custom:framework-win-MediaFoundation: 216162199b28c13a410421893ffa2e32 -> 
  custom:container-demuxer-ogg: 62fdf1f143b41e24485cea50d1cbac27 -> 
  custom:video-decoder-webm-vp8: 9c59270c3fd7afecdb556c50c9e8de78 -> 
  custom:audio-decoder-ogg-vorbis: bf7c407c2cedff20999df2af8eb42d56 -> 
========================================================================
Received Prepare
Registering precompiled user dll's ...
Registered in 0.006165 seconds.
Begin MonoManager ReloadAssembly
Symbol file LoadedFromMemory doesn't match image C:\Users\jacob\Documents\Game Development\Quick Arcade Games\Doom Clone\Library\PackageCache\com.unity.visualscripting@1.8.0\Editor\VisualScripting.Core\Dependencies\YamlDotNet\Unity.VisualScripting.YamlDotNet.dll
Symbol file LoadedFromMemory doesn't match image C:\Users\jacob\Documents\Game Development\Quick Arcade Games\Doom Clone\Library\PackageCache\com.unity.visualscripting@1.8.0\Editor\VisualScripting.Core\Dependencies\DotNetZip\Unity.VisualScripting.IonicZip.dll
Native extension for WindowsStandalone target not found
Native extension for WebGL target not found
Refreshing native plugins compatible for Editor in 1.02 ms, found 3 plugins.
Preloading 0 native plugins for Editor in 0.00 ms.
Mono: successfully reloaded assembly
- Completed reload, in  1.376 seconds
Domain Reload Profiling:
	ReloadAssembly (1377ms)
		BeginReloadAssembly (148ms)
			ExecutionOrderSort (0ms)
			DisableScriptedObjects (5ms)
			BackupInstance (0ms)
			ReleaseScriptingObjects (0ms)
			CreateAndSetChildDomain (39ms)
		EndReloadAssembly (1119ms)
			LoadAssemblies (98ms)
			RebuildTransferFunctionScriptingTraits (0ms)
			SetupTypeCache (323ms)
			ReleaseScriptCaches (2ms)
			RebuildScriptCaches (68ms)
			SetupLoadedEditorAssemblies (575ms)
				LogAssemblyErrors (0ms)
				InitializePlatformSupportModulesInManaged (8ms)
				SetLoadedEditorAssemblies (0ms)
				RefreshPlugins (1ms)
				BeforeProcessingInitializeOnLoad (93ms)
				ProcessInitializeOnLoadAttributes (390ms)
				ProcessInitializeOnLoadMethodAttributes (71ms)
				AfterProcessingInitializeOnLoad (11ms)
				EditorAssembliesLoaded (0ms)
			ExecutionOrderSort2 (0ms)
			AwakeInstancesAfterBackupRestoration (8ms)
Platform modules already initialized, skipping
Refreshing native plugins compatible for Editor in 3.42 ms, found 3 plugins.
Preloading 0 native plugins for Editor in 0.00 ms.
Unloading 4988 Unused Serialized files (Serialized files now loaded: 0)
Unloading 31 unused Assets / (1.6 MB). Loaded Objects now: 5642.
Memory consumption went from 303.7 MB to 302.1 MB.
Total: 4.209100 ms (FindLiveObjects: 0.489800 ms CreateObjectMapping: 0.492100 ms MarkObjects: 2.833200 ms  DeleteObjects: 0.393100 ms)

AssetImportParameters requested are different than current active one (requested -> active):
  custom:video-decoder-ogg-theora: a1e56fd34408186e4bbccfd4996cb3dc -> 
  custom:container-muxer-webm: aa71ff27fc2769a1b78a27578f13a17b -> 
  custom:container-demuxer-webm: 4f35f7cbe854078d1ac9338744f61a02 -> 
  custom:video-encoder-webm-vp8: eb34c28f22e8b96e1ab97ce403110664 -> 
  custom:video-codec-MediaFoundation-h265: 746d11721c4dcdbdad8f713fa42b33f4 -> 
  custom:audio-encoder-webm-vorbis: bf7c407c2cedff20999df2af8eb42d56 -> 
  custom:framework-win-MediaFoundation: 216162199b28c13a410421893ffa2e32 -> 
  custom:container-demuxer-ogg: 62fdf1f143b41e24485cea50d1cbac27 -> 
  custom:video-decoder-webm-vp8: 9c59270c3fd7afecdb556c50c9e8de78 -> 
  custom:audio-decoder-ogg-vorbis: bf7c407c2cedff20999df2af8eb42d56 -> 
========================================================================
Received Prepare
Registering precompiled user dll's ...
Registered in 0.006240 seconds.
Begin MonoManager ReloadAssembly
Symbol file LoadedFromMemory doesn't match image C:\Users\jacob\Documents\Game Development\Quick Arcade Games\Doom Clone\Library\PackageCache\com.unity.visualscripting@1.8.0\Editor\VisualScripting.Core\Dependencies\YamlDotNet\Unity.VisualScripting.YamlDotNet.dll
Symbol file LoadedFromMemory doesn't match image C:\Users\jacob\Documents\Game Development\Quick Arcade Games\Doom Clone\Library\PackageCache\com.unity.visualscripting@1.8.0\Editor\VisualScripting.Core\Dependencies\DotNetZip\Unity.VisualScripting.IonicZip.dll
Native extension for WindowsStandalone target not found
Native extension for WebGL target not found
Refreshing native plugins compatible for Editor in 1.51 ms, found 3 plugins.
Preloading 0 native plugins for Editor in 0.00 ms.
Mono: successfully reloaded assembly
- Completed reload, in  1.365 seconds
Domain Reload Profiling:
	ReloadAssembly (1366ms)
		BeginReloadAssembly (175ms)
			ExecutionOrderSort (0ms)
			DisableScriptedObjects (5ms)
			BackupInstance (0ms)
			ReleaseScriptingObjects (0ms)
			CreateAndSetChildDomain (47ms)
		EndReloadAssembly (1080ms)
			LoadAssemblies (116ms)
			RebuildTransferFunctionScriptingTraits (0ms)
			SetupTypeCache (351ms)
			ReleaseScriptCaches (2ms)
			RebuildScriptCaches (50ms)
			SetupLoadedEditorAssemblies (528ms)
				LogAssemblyErrors (0ms)
				InitializePlatformSupportModulesInManaged (8ms)
				SetLoadedEditorAssemblies (1ms)
				RefreshPlugins (2ms)
				BeforeProcessingInitializeOnLoad (89ms)
				ProcessInitializeOnLoadAttributes (356ms)
				ProcessInitializeOnLoadMethodAttributes (63ms)
				AfterProcessingInitializeOnLoad (9ms)
				EditorAssembliesLoaded (0ms)
			ExecutionOrderSort2 (0ms)
			AwakeInstancesAfterBackupRestoration (6ms)
Platform modules already initialized, skipping
Refreshing native plugins compatible for Editor in 3.69 ms, found 3 plugins.
Preloading 0 native plugins for Editor in 0.00 ms.
Unloading 4988 Unused Serialized files (Serialized files now loaded: 0)
Unloading 31 unused Assets / (1.6 MB). Loaded Objects now: 5645.
Memory consumption went from 303.7 MB to 302.2 MB.
Total: 5.920200 ms (FindLiveObjects: 0.510100 ms CreateObjectMapping: 0.545200 ms MarkObjects: 4.300600 ms  DeleteObjects: 0.562700 ms)

AssetImportParameters requested are different than current active one (requested -> active):
  custom:video-decoder-ogg-theora: a1e56fd34408186e4bbccfd4996cb3dc -> 
  custom:container-muxer-webm: aa71ff27fc2769a1b78a27578f13a17b -> 
  custom:container-demuxer-webm: 4f35f7cbe854078d1ac9338744f61a02 -> 
  custom:video-encoder-webm-vp8: eb34c28f22e8b96e1ab97ce403110664 -> 
  custom:video-codec-MediaFoundation-h265: 746d11721c4dcdbdad8f713fa42b33f4 -> 
  custom:audio-encoder-webm-vorbis: bf7c407c2cedff20999df2af8eb42d56 -> 
  custom:framework-win-MediaFoundation: 216162199b28c13a410421893ffa2e32 -> 
  custom:container-demuxer-ogg: 62fdf1f143b41e24485cea50d1cbac27 -> 
  custom:video-decoder-webm-vp8: 9c59270c3fd7afecdb556c50c9e8de78 -> 
  custom:audio-decoder-ogg-vorbis: bf7c407c2cedff20999df2af8eb42d56 -> 
========================================================================
Received Prepare
Registering precompiled user dll's ...
Registered in 0.006275 seconds.
Begin MonoManager ReloadAssembly
Symbol file LoadedFromMemory doesn't match image C:\Users\jacob\Documents\Game Development\Quick Arcade Games\Doom Clone\Library\PackageCache\com.unity.visualscripting@1.8.0\Editor\VisualScripting.Core\Dependencies\YamlDotNet\Unity.VisualScripting.YamlDotNet.dll
Symbol file LoadedFromMemory doesn't match image C:\Users\jacob\Documents\Game Development\Quick Arcade Games\Doom Clone\Library\PackageCache\com.unity.visualscripting@1.8.0\Editor\VisualScripting.Core\Dependencies\DotNetZip\Unity.VisualScripting.IonicZip.dll
Native extension for WindowsStandalone target not found
Native extension for WebGL target not found
Refreshing native plugins compatible for Editor in 1.50 ms, found 3 plugins.
Preloading 0 native plugins for Editor in 0.00 ms.
Mono: successfully reloaded assembly
- Completed reload, in  1.420 seconds
Domain Reload Profiling:
	ReloadAssembly (1421ms)
		BeginReloadAssembly (158ms)
			ExecutionOrderSort (0ms)
			DisableScriptedObjects (7ms)
			BackupInstance (0ms)
			ReleaseScriptingObjects (0ms)
			CreateAndSetChildDomain (39ms)
		EndReloadAssembly (1166ms)
			LoadAssemblies (104ms)
			RebuildTransferFunctionScriptingTraits (0ms)
			SetupTypeCache (365ms)
			ReleaseScriptCaches (2ms)
			RebuildScriptCaches (58ms)
			SetupLoadedEditorAssemblies (585ms)
				LogAssemblyErrors (0ms)
				InitializePlatformSupportModulesInManaged (8ms)
				SetLoadedEditorAssemblies (0ms)
				RefreshPlugins (2ms)
				BeforeProcessingInitializeOnLoad (99ms)
				ProcessInitializeOnLoadAttributes (397ms)
				ProcessInitializeOnLoadMethodAttributes (68ms)
				AfterProcessingInitializeOnLoad (11ms)
				EditorAssembliesLoaded (0ms)
			ExecutionOrderSort2 (0ms)
			AwakeInstancesAfterBackupRestoration (8ms)
Platform modules already initialized, skipping
Refreshing native plugins compatible for Editor in 2.88 ms, found 3 plugins.
Preloading 0 native plugins for Editor in 0.00 ms.
Unloading 4988 Unused Serialized files (Serialized files now loaded: 0)
Unloading 31 unused Assets / (1.6 MB). Loaded Objects now: 5648.
Memory consumption went from 303.7 MB to 302.2 MB.
Total: 6.782500 ms (FindLiveObjects: 0.553500 ms CreateObjectMapping: 0.473300 ms MarkObjects: 5.178100 ms  DeleteObjects: 0.576400 ms)

AssetImportParameters requested are different than current active one (requested -> active):
  custom:video-decoder-ogg-theora: a1e56fd34408186e4bbccfd4996cb3dc -> 
  custom:container-muxer-webm: aa71ff27fc2769a1b78a27578f13a17b -> 
  custom:container-demuxer-webm: 4f35f7cbe854078d1ac9338744f61a02 -> 
  custom:video-encoder-webm-vp8: eb34c28f22e8b96e1ab97ce403110664 -> 
  custom:video-codec-MediaFoundation-h265: 746d11721c4dcdbdad8f713fa42b33f4 -> 
  custom:audio-encoder-webm-vorbis: bf7c407c2cedff20999df2af8eb42d56 -> 
  custom:framework-win-MediaFoundation: 216162199b28c13a410421893ffa2e32 -> 
  custom:container-demuxer-ogg: 62fdf1f143b41e24485cea50d1cbac27 -> 
  custom:video-decoder-webm-vp8: 9c59270c3fd7afecdb556c50c9e8de78 -> 
  custom:audio-decoder-ogg-vorbis: bf7c407c2cedff20999df2af8eb42d56 -> 
========================================================================
Received Prepare
Registering precompiled user dll's ...
Registered in 0.005717 seconds.
Begin MonoManager ReloadAssembly
Symbol file LoadedFromMemory doesn't match image C:\Users\jacob\Documents\Game Development\Quick Arcade Games\Doom Clone\Library\PackageCache\com.unity.visualscripting@1.8.0\Editor\VisualScripting.Core\Dependencies\YamlDotNet\Unity.VisualScripting.YamlDotNet.dll
Symbol file LoadedFromMemory doesn't match image C:\Users\jacob\Documents\Game Development\Quick Arcade Games\Doom Clone\Library\PackageCache\com.unity.visualscripting@1.8.0\Editor\VisualScripting.Core\Dependencies\DotNetZip\Unity.VisualScripting.IonicZip.dll
Native extension for WindowsStandalone target not found
Native extension for WebGL target not found
Refreshing native plugins compatible for Editor in 1.22 ms, found 3 plugins.
Preloading 0 native plugins for Editor in 0.00 ms.
Mono: successfully reloaded assembly
- Completed reload, in  1.352 seconds
Domain Reload Profiling:
	ReloadAssembly (1352ms)
		BeginReloadAssembly (141ms)
			ExecutionOrderSort (0ms)
			DisableScriptedObjects (5ms)
			BackupInstance (0ms)
			ReleaseScriptingObjects (0ms)
			CreateAndSetChildDomain (35ms)
		EndReloadAssembly (1110ms)
			LoadAssemblies (97ms)
			RebuildTransferFunctionScriptingTraits (0ms)
			SetupTypeCache (325ms)
			ReleaseScriptCaches (2ms)
			RebuildScriptCaches (53ms)
			SetupLoadedEditorAssemblies (576ms)
				LogAssemblyErrors (0ms)
				InitializePlatformSupportModulesInManaged (8ms)
				SetLoadedEditorAssemblies (1ms)
				RefreshPlugins (1ms)
				BeforeProcessingInitializeOnLoad (105ms)
				ProcessInitializeOnLoadAttributes (381ms)
				ProcessInitializeOnLoadMethodAttributes (69ms)
				AfterProcessingInitializeOnLoad (10ms)
				EditorAssembliesLoaded (0ms)
			ExecutionOrderSort2 (0ms)
			AwakeInstancesAfterBackupRestoration (7ms)
Platform modules already initialized, skipping
Refreshing native plugins compatible for Editor in 4.65 ms, found 3 plugins.
Preloading 0 native plugins for Editor in 0.00 ms.
Unloading 4988 Unused Serialized files (Serialized files now loaded: 0)
Unloading 31 unused Assets / (1.6 MB). Loaded Objects now: 5651.
Memory consumption went from 303.7 MB to 302.2 MB.
Total: 5.725100 ms (FindLiveObjects: 0.498500 ms CreateObjectMapping: 0.509700 ms MarkObjects: 4.297500 ms  DeleteObjects: 0.418500 ms)

AssetImportParameters requested are different than current active one (requested -> active):
  custom:video-decoder-ogg-theora: a1e56fd34408186e4bbccfd4996cb3dc -> 
  custom:container-muxer-webm: aa71ff27fc2769a1b78a27578f13a17b -> 
  custom:container-demuxer-webm: 4f35f7cbe854078d1ac9338744f61a02 -> 
  custom:video-encoder-webm-vp8: eb34c28f22e8b96e1ab97ce403110664 -> 
  custom:video-codec-MediaFoundation-h265: 746d11721c4dcdbdad8f713fa42b33f4 -> 
  custom:audio-encoder-webm-vorbis: bf7c407c2cedff20999df2af8eb42d56 -> 
  custom:framework-win-MediaFoundation: 216162199b28c13a410421893ffa2e32 -> 
  custom:container-demuxer-ogg: 62fdf1f143b41e24485cea50d1cbac27 -> 
  custom:video-decoder-webm-vp8: 9c59270c3fd7afecdb556c50c9e8de78 -> 
  custom:audio-decoder-ogg-vorbis: bf7c407c2cedff20999df2af8eb42d56 -> 
========================================================================
Received Import Request.
  Time since last request: 207.934062 seconds.
  path: Assets/Imported/BoomerShooterPack/Prefabs/WeaponPickups/Pickup_1_SecurityPistol.prefab
  artifactKey: Guid(2a28140a01358b24797c35900d193f7b) Importer(815301076,1909f56bfc062723c751e8b465ee728b)
Start importing Assets/Imported/BoomerShooterPack/Prefabs/WeaponPickups/Pickup_1_SecurityPistol.prefab using Guid(2a28140a01358b24797c35900d193f7b) Importer(815301076,1909f56bfc062723c751e8b465ee728b)  -> (artifact id: '3e7223a25de219d323b03b9d3f8fc95d') in 0.141768 seconds 
========================================================================
Received Import Request.
  Time since last request: 10.676254 seconds.
  path: Assets/Imported/BoomerShooterPack/Prefabs/Weapons/1_SecurityPistol.prefab
  artifactKey: Guid(b2fca54b3fe7af64e87e981434596691) Importer(815301076,1909f56bfc062723c751e8b465ee728b)
Start importing Assets/Imported/BoomerShooterPack/Prefabs/Weapons/1_SecurityPistol.prefab using Guid(b2fca54b3fe7af64e87e981434596691) Importer(815301076,1909f56bfc062723c751e8b465ee728b)  -> (artifact id: 'b6e48d4eda3970f1453765a80f9c9630') in 0.090930 seconds 
========================================================================
Received Import Request.
  Time since last request: 0.000025 seconds.
  path: Assets/Imported/BoomerShooterPack/Prefabs/Weapons/5_Railcannon.prefab
  artifactKey: Guid(e05e53941b2bb0449aff2e21d6ace8e6) Importer(815301076,1909f56bfc062723c751e8b465ee728b)
Start importing Assets/Imported/BoomerShooterPack/Prefabs/Weapons/5_Railcannon.prefab using Guid(e05e53941b2bb0449aff2e21d6ace8e6) Importer(815301076,1909f56bfc062723c751e8b465ee728b)  -> (artifact id: '1548d65ec5665c9b25c9663449cc5ebb') in 0.051153 seconds 
========================================================================
Received Import Request.
  Time since last request: 0.000034 seconds.
  path: Assets/Imported/BoomerShooterPack/Prefabs/Weapons/3_Coilgun.prefab
  artifactKey: Guid(30b6c8a17f320494a89ded9f94bacf1d) Importer(815301076,1909f56bfc062723c751e8b465ee728b)
Start importing Assets/Imported/BoomerShooterPack/Prefabs/Weapons/3_Coilgun.prefab using Guid(30b6c8a17f320494a89ded9f94bacf1d) Importer(815301076,1909f56bfc062723c751e8b465ee728b)  -> (artifact id: 'c469d430310129ee4e25e107129c5fa4') in 0.039453 seconds 
========================================================================
Received Prepare
Registering precompiled user dll's ...
Registered in 0.005743 seconds.
Begin MonoManager ReloadAssembly
Symbol file LoadedFromMemory doesn't match image C:\Users\jacob\Documents\Game Development\Quick Arcade Games\Doom Clone\Library\PackageCache\com.unity.visualscripting@1.8.0\Editor\VisualScripting.Core\Dependencies\YamlDotNet\Unity.VisualScripting.YamlDotNet.dll
Symbol file LoadedFromMemory doesn't match image C:\Users\jacob\Documents\Game Development\Quick Arcade Games\Doom Clone\Library\PackageCache\com.unity.visualscripting@1.8.0\Editor\VisualScripting.Core\Dependencies\DotNetZip\Unity.VisualScripting.IonicZip.dll
Native extension for WindowsStandalone target not found
Native extension for WebGL target not found
Refreshing native plugins compatible for Editor in 1.36 ms, found 3 plugins.
Preloading 0 native plugins for Editor in 0.00 ms.
Mono: successfully reloaded assembly
- Completed reload, in  1.505 seconds
Domain Reload Profiling:
	ReloadAssembly (1506ms)
		BeginReloadAssembly (162ms)
			ExecutionOrderSort (0ms)
			DisableScriptedObjects (5ms)
			BackupInstance (0ms)
			ReleaseScriptingObjects (0ms)
			CreateAndSetChildDomain (46ms)
		EndReloadAssembly (1239ms)
			LoadAssemblies (112ms)
			RebuildTransferFunctionScriptingTraits (0ms)
			SetupTypeCache (359ms)
			ReleaseScriptCaches (2ms)
			RebuildScriptCaches (61ms)
			SetupLoadedEditorAssemblies (646ms)
				LogAssemblyErrors (0ms)
				InitializePlatformSupportModulesInManaged (9ms)
				SetLoadedEditorAssemblies (2ms)
				RefreshPlugins (1ms)
				BeforeProcessingInitializeOnLoad (109ms)
				ProcessInitializeOnLoadAttributes (432ms)
				ProcessInitializeOnLoadMethodAttributes (81ms)
				AfterProcessingInitializeOnLoad (11ms)
				EditorAssembliesLoaded (0ms)
			ExecutionOrderSort2 (0ms)
			AwakeInstancesAfterBackupRestoration (10ms)
Platform modules already initialized, skipping
Refreshing native plugins compatible for Editor in 4.22 ms, found 3 plugins.
Preloading 0 native plugins for Editor in 0.00 ms.
Unloading 4988 Unused Serialized files (Serialized files now loaded: 0)
Unloading 33 unused Assets / (1.6 MB). Loaded Objects now: 5654.
Memory consumption went from 303.8 MB to 302.2 MB.
Total: 4.664400 ms (FindLiveObjects: 0.575100 ms CreateObjectMapping: 0.555700 ms MarkObjects: 3.133400 ms  DeleteObjects: 0.399000 ms)

AssetImportParameters requested are different than current active one (requested -> active):
  custom:video-decoder-ogg-theora: a1e56fd34408186e4bbccfd4996cb3dc -> 
  custom:container-muxer-webm: aa71ff27fc2769a1b78a27578f13a17b -> 
  custom:container-demuxer-webm: 4f35f7cbe854078d1ac9338744f61a02 -> 
  custom:video-encoder-webm-vp8: eb34c28f22e8b96e1ab97ce403110664 -> 
  custom:video-codec-MediaFoundation-h265: 746d11721c4dcdbdad8f713fa42b33f4 -> 
  custom:audio-encoder-webm-vorbis: bf7c407c2cedff20999df2af8eb42d56 -> 
  custom:framework-win-MediaFoundation: 216162199b28c13a410421893ffa2e32 -> 
  custom:container-demuxer-ogg: 62fdf1f143b41e24485cea50d1cbac27 -> 
  custom:video-decoder-webm-vp8: 9c59270c3fd7afecdb556c50c9e8de78 -> 
  custom:audio-decoder-ogg-vorbis: bf7c407c2cedff20999df2af8eb42d56 -> 
Editor requested this worker to shutdown with reason: Scaling down because of idle timeout
AssetImportWorker is now disconnected from the server
Process exiting
Exiting without the bug reporter. Application will terminate with return code 0